<?xml version="1.0" encoding="UTF-8"?>
<!-- Generated by org.testng.reporters.JUnitXMLReporter -->
<testsuite hostname="RINMAC410" ignored="0" name="Surefire test" tests="1" failures="1" timestamp="30 Apr 2020 01:44:10 GMT" time="43.853" errors="0">
  <testcase name="m1" time="43.804" classname="homepageTest.homepageTest">
    <failure type="java.lang.NullPointerException">
      <![CDATA[java.lang.NullPointerException
at pages.homepage.setEmail(homepage.java:39)
at homepageTest.homepageTest.m1(homepageTest.java:35)
... Removed 30 stack frames]]>
    </failure>
  </testcase> <!-- m1 -->
</testsuite> <!-- Surefire test -->
