-------------------------------------------------------------------------------
Test set: homepageTest.homepageTest
-------------------------------------------------------------------------------
Tests run: 1, Failures: 1, Errors: 0, Skipped: 0, Time elapsed: 44.157 s <<< FAILURE! - in homepageTest.homepageTest
m1(homepageTest.homepageTest)  Time elapsed: 43.824 s  <<< FAILURE!
java.lang.NullPointerException
	at homepageTest.homepageTest.m1(homepageTest.java:35)

