<?xml version="1.0" encoding="UTF-8"?>
<testsuite xmlns:xsi="http://www.w3.org/2001/XMLSchema-instance" xsi:noNamespaceSchemaLocation="https://maven.apache.org/surefire/maven-surefire-plugin/xsd/surefire-test-report.xsd" name="homepageTest.homepageTest" time="44.157" tests="1" errors="0" skipped="0" failures="1">
  <properties>
[...]
</properties>
  <testcase name="m1" classname="homepageTest.homepageTest" time="43.824">
    <failure type="java.lang.NullPointerException">java.lang.NullPointerException
	at homepageTest.homepageTest.m1(homepageTest.java:35)
</failure>
    <system-err><![CDATA[SLF4J: Failed to load class "org.slf4j.impl.StaticLoggerBinder".
SLF4J: Defaulting to no-operation (NOP) logger implementation
SLF4J: See http://www.slf4j.org/codes.html#StaticLoggerBinder for further details.
Starting ChromeDriver 81.0.4044.69 (6813546031a4bc83f717a2ef7cd4ac6ec1199132-refs/branch-heads/4044@{#776}) on port 32646
Only local connections are allowed.
Please protect ports used by ChromeDriver and related test frameworks to prevent access by malicious code.
Apr 30, 2020 7:13:42 AM org.openqa.selenium.remote.ProtocolHandshake createSession
INFO: Detected dialect: W3C
[1588211025.281][SEVERE]: Timed out receiving message from renderer: 0.100
[1588211025.392][SEVERE]: Timed out receiving message from renderer: 0.100
[1588211025.501][SEVERE]: Timed out receiving message from renderer: 0.100
[1588211025.621][SEVERE]: Timed out receiving message from renderer: 0.100
[1588211025.728][SEVERE]: Timed out receiving message from renderer: 0.100
[1588211025.832][SEVERE]: Timed out receiving message from renderer: 0.100
[1588211025.936][SEVERE]: Timed out receiving message from renderer: 0.100
[1588211026.056][SEVERE]: Timed out receiving message from renderer: 0.100
[1588211026.173][SEVERE]: Timed out receiving message from renderer: 0.100
[1588211026.276][SEVERE]: Timed out receiving message from renderer: 0.100
[1588211026.378][SEVERE]: Timed out receiving message from renderer: 0.100
[1588211026.482][SEVERE]: Timed out receiving message from renderer: 0.100
[1588211026.585][SEVERE]: Timed out receiving message from renderer: 0.100
[1588211026.735][SEVERE]: Timed out receiving message from renderer: 0.100
[1588211026.840][SEVERE]: Timed out receiving message from renderer: 0.100
[1588211027.011][SEVERE]: Timed out receiving message from renderer: 0.100
[1588211027.122][SEVERE]: Timed out receiving message from renderer: 0.100
[1588211027.225][SEVERE]: Timed out receiving message from renderer: 0.100
[1588211027.328][SEVERE]: Timed out receiving message from renderer: 0.100
[1588211027.432][SEVERE]: Timed out receiving message from renderer: 0.100
[1588211027.535][SEVERE]: Timed out receiving message from renderer: 0.100
[1588211027.640][SEVERE]: Timed out receiving message from renderer: 0.100
[1588211027.744][SEVERE]: Timed out receiving message from renderer: 0.100
[1588211027.849][SEVERE]: Timed out receiving message from renderer: 0.100
[1588211027.957][SEVERE]: Timed out receiving message from renderer: 0.100
[1588211028.061][SEVERE]: Timed out receiving message from renderer: 0.100
[1588211028.163][SEVERE]: Timed out receiving message from renderer: 0.100
[1588211028.266][SEVERE]: Timed out receiving message from renderer: 0.100
[1588211028.368][SEVERE]: Timed out receiving message from renderer: 0.100
[1588211028.471][SEVERE]: Timed out receiving message from renderer: 0.100
[1588211028.574][SEVERE]: Timed out receiving message from renderer: 0.100
[1588211028.678][SEVERE]: Timed out receiving message from renderer: 0.100
[1588211028.780][SEVERE]: Timed out receiving message from renderer: 0.100
[1588211028.882][SEVERE]: Timed out receiving message from renderer: 0.100
[1588211028.984][SEVERE]: Timed out receiving message from renderer: 0.100
[1588211029.087][SEVERE]: Timed out receiving message from renderer: 0.100
[1588211029.190][SEVERE]: Timed out receiving message from renderer: 0.100
[1588211029.301][SEVERE]: Timed out receiving message from renderer: 0.100
[1588211029.403][SEVERE]: Timed out receiving message from renderer: 0.100
[1588211029.506][SEVERE]: Timed out receiving message from renderer: 0.100
[1588211029.609][SEVERE]: Timed out receiving message from renderer: 0.100
[1588211029.711][SEVERE]: Timed out receiving message from renderer: 0.100
[1588211029.816][SEVERE]: Timed out receiving message from renderer: 0.100
[1588211029.918][SEVERE]: Timed out receiving message from renderer: 0.100
[1588211030.022][SEVERE]: Timed out receiving message from renderer: 0.100
[1588211030.127][SEVERE]: Timed out receiving message from renderer: 0.100
[1588211030.230][SEVERE]: Timed out receiving message from renderer: 0.100
[1588211030.334][SEVERE]: Timed out receiving message from renderer: 0.100
[1588211030.438][SEVERE]: Timed out receiving message from renderer: 0.100
[1588211030.540][SEVERE]: Timed out receiving message from renderer: 0.100
[1588211030.642][SEVERE]: Timed out receiving message from renderer: 0.100
[1588211030.744][SEVERE]: Timed out receiving message from renderer: 0.100
[1588211030.849][SEVERE]: Timed out receiving message from renderer: 0.100
[1588211030.951][SEVERE]: Timed out receiving message from renderer: 0.100
[1588211031.054][SEVERE]: Timed out receiving message from renderer: 0.100
[1588211031.166][SEVERE]: Timed out receiving message from renderer: 0.100
[1588211031.272][SEVERE]: Timed out receiving message from renderer: 0.100
[1588211031.376][SEVERE]: Timed out receiving message from renderer: 0.100
[1588211031.479][SEVERE]: Timed out receiving message from renderer: 0.100
[1588211031.584][SEVERE]: Timed out receiving message from renderer: 0.100
[1588211031.686][SEVERE]: Timed out receiving message from renderer: 0.100
[1588211031.789][SEVERE]: Timed out receiving message from renderer: 0.100
[1588211031.892][SEVERE]: Timed out receiving message from renderer: 0.100
[1588211032.006][SEVERE]: Timed out receiving message from renderer: 0.100
[1588211032.111][SEVERE]: Timed out receiving message from renderer: 0.100
[1588211032.215][SEVERE]: Timed out receiving message from renderer: 0.100
[1588211032.317][SEVERE]: Timed out receiving message from renderer: 0.100
[1588211032.420][SEVERE]: Timed out receiving message from renderer: 0.100
[1588211032.534][SEVERE]: Timed out receiving message from renderer: 0.100
[1588211032.651][SEVERE]: Timed out receiving message from renderer: 0.100
[1588211032.792][SEVERE]: Timed out receiving message from renderer: 0.100
[1588211032.922][SEVERE]: Timed out receiving message from renderer: 0.100
[1588211033.026][SEVERE]: Timed out receiving message from renderer: 0.100
[1588211033.129][SEVERE]: Timed out receiving message from renderer: 0.100
[1588211033.230][SEVERE]: Timed out receiving message from renderer: 0.100
[1588211033.334][SEVERE]: Timed out receiving message from renderer: 0.100
[1588211033.437][SEVERE]: Timed out receiving message from renderer: 0.100
[1588211033.540][SEVERE]: Timed out receiving message from renderer: 0.100
[1588211033.642][SEVERE]: Timed out receiving message from renderer: 0.100
[1588211033.743][SEVERE]: Timed out receiving message from renderer: 0.100
[1588211033.844][SEVERE]: Timed out receiving message from renderer: 0.100
[1588211033.947][SEVERE]: Timed out receiving message from renderer: 0.100
[1588211034.053][SEVERE]: Timed out receiving message from renderer: 0.100
[1588211034.157][SEVERE]: Timed out receiving message from renderer: 0.100
[1588211034.262][SEVERE]: Timed out receiving message from renderer: 0.100
[1588211034.364][SEVERE]: Timed out receiving message from renderer: 0.100
[1588211034.466][SEVERE]: Timed out receiving message from renderer: 0.100
[1588211034.568][SEVERE]: Timed out receiving message from renderer: 0.100
[1588211034.671][SEVERE]: Timed out receiving message from renderer: 0.100
[1588211034.773][SEVERE]: Timed out receiving message from renderer: 0.100
[1588211034.877][SEVERE]: Timed out receiving message from renderer: 0.100
[1588211034.979][SEVERE]: Timed out receiving message from renderer: 0.100
[1588211035.081][SEVERE]: Timed out receiving message from renderer: 0.100
[1588211035.183][SEVERE]: Timed out receiving message from renderer: 0.100
[1588211035.285][SEVERE]: Timed out receiving message from renderer: 0.100
[1588211035.387][SEVERE]: Timed out receiving message from renderer: 0.100
[1588211035.488][SEVERE]: Timed out receiving message from renderer: 0.100
[1588211035.590][SEVERE]: Timed out receiving message from renderer: 0.100
[1588211035.693][SEVERE]: Timed out receiving message from renderer: 0.100
[1588211035.801][SEVERE]: Timed out receiving message from renderer: 0.100
[1588211035.904][SEVERE]: Timed out receiving message from renderer: 0.100
[1588211036.006][SEVERE]: Timed out receiving message from renderer: 0.100
[1588211036.109][SEVERE]: Timed out receiving message from renderer: 0.100
[1588211036.211][SEVERE]: Timed out receiving message from renderer: 0.100
[1588211036.313][SEVERE]: Timed out receiving message from renderer: 0.100
[1588211036.416][SEVERE]: Timed out receiving message from renderer: 0.100
[1588211036.518][SEVERE]: Timed out receiving message from renderer: 0.100
[1588211036.619][SEVERE]: Timed out receiving message from renderer: 0.100
[1588211036.722][SEVERE]: Timed out receiving message from renderer: 0.100
[1588211036.824][SEVERE]: Timed out receiving message from renderer: 0.100
[1588211036.926][SEVERE]: Timed out receiving message from renderer: 0.100
[1588211037.029][SEVERE]: Timed out receiving message from renderer: 0.100
[1588211037.130][SEVERE]: Timed out receiving message from renderer: 0.100
[1588211037.231][SEVERE]: Timed out receiving message from renderer: 0.100
[1588211037.333][SEVERE]: Timed out receiving message from renderer: 0.100
[1588211037.437][SEVERE]: Timed out receiving message from renderer: 0.100
[1588211037.540][SEVERE]: Timed out receiving message from renderer: 0.100
[1588211037.643][SEVERE]: Timed out receiving message from renderer: 0.100
[1588211037.745][SEVERE]: Timed out receiving message from renderer: 0.100
[1588211037.846][SEVERE]: Timed out receiving message from renderer: 0.100
[1588211037.949][SEVERE]: Timed out receiving message from renderer: 0.100
[1588211038.052][SEVERE]: Timed out receiving message from renderer: 0.100
[1588211038.155][SEVERE]: Timed out receiving message from renderer: 0.100
[1588211038.258][SEVERE]: Timed out receiving message from renderer: 0.100
[1588211038.361][SEVERE]: Timed out receiving message from renderer: 0.100
[1588211038.466][SEVERE]: Timed out receiving message from renderer: 0.100
[1588211038.599][SEVERE]: Timed out receiving message from renderer: 0.100
[1588211038.702][SEVERE]: Timed out receiving message from renderer: 0.100
[1588211038.804][SEVERE]: Timed out receiving message from renderer: 0.100
[1588211038.906][SEVERE]: Timed out receiving message from renderer: 0.100
[1588211039.008][SEVERE]: Timed out receiving message from renderer: 0.100
[1588211039.112][SEVERE]: Timed out receiving message from renderer: 0.100
[1588211039.217][SEVERE]: Timed out receiving message from renderer: 0.100
[1588211039.318][SEVERE]: Timed out receiving message from renderer: 0.100
[1588211039.421][SEVERE]: Timed out receiving message from renderer: 0.100
[1588211039.526][SEVERE]: Timed out receiving message from renderer: 0.100
[1588211039.627][SEVERE]: Timed out receiving message from renderer: 0.100
[1588211039.730][SEVERE]: Timed out receiving message from renderer: 0.100
[1588211039.832][SEVERE]: Timed out receiving message from renderer: 0.100
[1588211039.934][SEVERE]: Timed out receiving message from renderer: 0.100
[1588211040.037][SEVERE]: Timed out receiving message from renderer: 0.100
[1588211040.139][SEVERE]: Timed out receiving message from renderer: 0.100
[1588211040.240][SEVERE]: Timed out receiving message from renderer: 0.100
[1588211040.342][SEVERE]: Timed out receiving message from renderer: 0.100
[1588211040.493][SEVERE]: Timed out receiving message from renderer: 0.100
[1588211040.598][SEVERE]: Timed out receiving message from renderer: 0.100
[1588211040.699][SEVERE]: Timed out receiving message from renderer: 0.100
[1588211040.801][SEVERE]: Timed out receiving message from renderer: 0.100
[1588211040.902][SEVERE]: Timed out receiving message from renderer: 0.100
[1588211041.254][SEVERE]: Timed out receiving message from renderer: 0.100
[1588211041.357][SEVERE]: Timed out receiving message from renderer: 0.100
[1588211041.459][SEVERE]: Timed out receiving message from renderer: 0.100
[1588211041.565][SEVERE]: Timed out receiving message from renderer: 0.100
[1588211041.668][SEVERE]: Timed out receiving message from renderer: 0.100
[1588211041.779][SEVERE]: Timed out receiving message from renderer: 0.100
[1588211041.880][SEVERE]: Timed out receiving message from renderer: 0.100
[1588211041.982][SEVERE]: Timed out receiving message from renderer: 0.100
[1588211042.083][SEVERE]: Timed out receiving message from renderer: 0.100
[1588211042.185][SEVERE]: Timed out receiving message from renderer: 0.100
[1588211042.287][SEVERE]: Timed out receiving message from renderer: 0.100
[1588211042.389][SEVERE]: Timed out receiving message from renderer: 0.100
[1588211042.500][SEVERE]: Timed out receiving message from renderer: 0.100
[1588211042.621][SEVERE]: Timed out receiving message from renderer: 0.100
[1588211042.733][SEVERE]: Timed out receiving message from renderer: 0.100
[1588211042.837][SEVERE]: Timed out receiving message from renderer: 0.100
[1588211042.939][SEVERE]: Timed out receiving message from renderer: 0.100
[1588211043.041][SEVERE]: Timed out receiving message from renderer: 0.100
[1588211043.143][SEVERE]: Timed out receiving message from renderer: 0.100
[1588211043.245][SEVERE]: Timed out receiving message from renderer: 0.100
[1588211043.348][SEVERE]: Timed out receiving message from renderer: 0.100
[1588211043.462][SEVERE]: Timed out receiving message from renderer: 0.100
[1588211043.564][SEVERE]: Timed out receiving message from renderer: 0.100
[1588211043.666][SEVERE]: Timed out receiving message from renderer: 0.100
[1588211043.771][SEVERE]: Timed out receiving message from renderer: 0.100
[1588211043.873][SEVERE]: Timed out receiving message from renderer: 0.100
[1588211043.976][SEVERE]: Timed out receiving message from renderer: 0.100
[1588211044.078][SEVERE]: Timed out receiving message from renderer: 0.100
[1588211044.182][SEVERE]: Timed out receiving message from renderer: 0.100
[1588211044.284][SEVERE]: Timed out receiving message from renderer: 0.100
[1588211044.387][SEVERE]: Timed out receiving message from renderer: 0.100
[1588211044.489][SEVERE]: Timed out receiving message from renderer: 0.100
[1588211044.599][SEVERE]: Timed out receiving message from renderer: 0.100
[1588211044.700][SEVERE]: Timed out receiving message from renderer: 0.100
[1588211044.804][SEVERE]: Timed out receiving message from renderer: 0.100
[1588211044.906][SEVERE]: Timed out receiving message from renderer: 0.100
[1588211045.008][SEVERE]: Timed out receiving message from renderer: 0.100
[1588211045.109][SEVERE]: Timed out receiving message from renderer: 0.100
[1588211045.211][SEVERE]: Timed out receiving message from renderer: 0.100
[1588211045.316][SEVERE]: Timed out receiving message from renderer: 0.100
[1588211045.425][SEVERE]: Timed out receiving message from renderer: 0.100
[1588211045.528][SEVERE]: Timed out receiving message from renderer: 0.100
[1588211045.636][SEVERE]: Timed out receiving message from renderer: 0.100
[1588211045.737][SEVERE]: Timed out receiving message from renderer: 0.100
[1588211045.840][SEVERE]: Timed out receiving message from renderer: 0.100
[1588211045.941][SEVERE]: Timed out receiving message from renderer: 0.100
[1588211046.043][SEVERE]: Timed out receiving message from renderer: 0.100
[1588211046.145][SEVERE]: Timed out receiving message from renderer: 0.100
[1588211046.273][SEVERE]: Timed out receiving message from renderer: 0.100
[1588211046.377][SEVERE]: Timed out receiving message from renderer: 0.100
[1588211046.481][SEVERE]: Timed out receiving message from renderer: 0.100
[1588211046.582][SEVERE]: Timed out receiving message from renderer: 0.100
[1588211046.684][SEVERE]: Timed out receiving message from renderer: 0.100
[1588211046.788][SEVERE]: Timed out receiving message from renderer: 0.100
[1588211046.891][SEVERE]: Timed out receiving message from renderer: 0.100
[1588211046.993][SEVERE]: Timed out receiving message from renderer: 0.100
[1588211047.097][SEVERE]: Timed out receiving message from renderer: 0.100
[1588211047.198][SEVERE]: Timed out receiving message from renderer: 0.100
[1588211047.300][SEVERE]: Timed out receiving message from renderer: 0.100
[1588211047.402][SEVERE]: Timed out receiving message from renderer: 0.100
[1588211047.504][SEVERE]: Timed out receiving message from renderer: 0.100
[1588211047.608][SEVERE]: Timed out receiving message from renderer: 0.100
[1588211047.711][SEVERE]: Timed out receiving message from renderer: 0.100
[1588211047.814][SEVERE]: Timed out receiving message from renderer: 0.100
[1588211047.918][SEVERE]: Timed out receiving message from renderer: 0.100
[1588211048.020][SEVERE]: Timed out receiving message from renderer: 0.100
[1588211048.124][SEVERE]: Timed out receiving message from renderer: 0.100
[1588211048.227][SEVERE]: Timed out receiving message from renderer: 0.100
[1588211048.329][SEVERE]: Timed out receiving message from renderer: 0.100
[1588211048.440][SEVERE]: Timed out receiving message from renderer: 0.100
[1588211048.549][SEVERE]: Timed out receiving message from renderer: 0.100
[1588211048.652][SEVERE]: Timed out receiving message from renderer: 0.100
[1588211048.754][SEVERE]: Timed out receiving message from renderer: 0.100
[1588211048.856][SEVERE]: Timed out receiving message from renderer: 0.100
[1588211048.958][SEVERE]: Timed out receiving message from renderer: 0.100
[1588211049.061][SEVERE]: Timed out receiving message from renderer: 0.100
[1588211049.165][SEVERE]: Timed out receiving message from renderer: 0.100
[1588211049.267][SEVERE]: Timed out receiving message from renderer: 0.100
[1588211049.370][SEVERE]: Timed out receiving message from renderer: 0.100
[1588211049.473][SEVERE]: Timed out receiving message from renderer: 0.100
[1588211049.575][SEVERE]: Timed out receiving message from renderer: 0.100
[1588211049.678][SEVERE]: Timed out receiving message from renderer: 0.100
[1588211049.781][SEVERE]: Timed out receiving message from renderer: 0.100
[1588211049.883][SEVERE]: Timed out receiving message from renderer: 0.100
[1588211049.985][SEVERE]: Timed out receiving message from renderer: 0.100
[1588211050.089][SEVERE]: Timed out receiving message from renderer: 0.100
[1588211050.191][SEVERE]: Timed out receiving message from renderer: 0.100
[1588211050.292][SEVERE]: Timed out receiving message from renderer: 0.100
[1588211050.396][SEVERE]: Timed out receiving message from renderer: 0.100
[1588211050.497][SEVERE]: Timed out receiving message from renderer: 0.100
[1588211050.599][SEVERE]: Timed out receiving message from renderer: 0.100
[1588211050.701][SEVERE]: Timed out receiving message from renderer: 0.100
]]></system-err>
  </testcase>
</testsuite>